{"/Users/julianamorroni/Documents/Cursos 2023/XP-likes-vs-dislikes/src/index.js": {"path":"/Users/julianamorroni/Documents/Cursos 2023/XP-likes-vs-dislikes/src/index.js","statementMap":{"0":{"start":{"line":2,"column":35},"end":{"line":2,"column":65}},"1":{"start":{"line":9,"column":4},"end":{"line":9,"column":21}},"2":{"start":{"line":28,"column":19},"end":{"line":28,"column":38}},"3":{"start":{"line":29,"column":4},"end":{"line":29,"column":21}},"4":{"start":{"line":32,"column":0},"end":{"line":32,"column":47}}},"fnMap":{"0":{"name":"like_or_dislike","decl":{"start":{"line":1,"column":9},"end":{"line":1,"column":24}},"loc":{"start":{"line":1,"column":27},"end":{"line":10,"column":1}},"line":1},"1":{"name":"getValue","decl":{"start":{"line":27,"column":9},"end":{"line":27,"column":17}},"loc":{"start":{"line":27,"column":25},"end":{"line":30,"column":1}},"line":27}},"branchMap":{},"s":{"0":1,"1":1,"2":1,"3":1,"4":1},"f":{"0":1,"1":1},"b":{},"_coverageSchema":"1a1c01bbd47fc00a2c39e90264f33305004495a9","hash":"58db174a594c8379c17704b7209025e3e149196b"}
}
