{"/Users/julianamorroni/Documents/Cursos 2023/XP-likes-vs-dislikes/src/index.js": {"path":"/Users/julianamorroni/Documents/Cursos 2023/XP-likes-vs-dislikes/src/index.js","statementMap":{"0":{"start":{"line":2,"column":25},"end":{"line":2,"column":28}},"1":{"start":{"line":3,"column":4},"end":{"line":3,"column":21}},"2":{"start":{"line":6,"column":0},"end":{"line":6,"column":37}}},"fnMap":{"0":{"name":"like_or_dislike","decl":{"start":{"line":1,"column":9},"end":{"line":1,"column":24}},"loc":{"start":{"line":1,"column":27},"end":{"line":4,"column":1}},"line":1}},"branchMap":{},"s":{"0":1,"1":1,"2":1},"f":{"0":1},"b":{},"_coverageSchema":"1a1c01bbd47fc00a2c39e90264f33305004495a9","hash":"8ccfaa602ea852f5b3af19df623a45326f372fe0"}
}
